

Processing ActionController::Base#index (for  at 2009-06-17 08:18:42) [GET]
  Session ID: 3d37d50dc7a0f49770deb64f657cb0c7
  Parameters: {}


ActionController::RoutingError (No route matches "" with {:method=>:get}):
    /usr/lib/ruby/gems/1.8/gems/actionpack-2.1.1/lib/action_controller/routing/recognition_optimisation.rb:67:in `recognize_path'
    /usr/lib/ruby/gems/1.8/gems/actionpack-2.1.1/lib/action_controller/routing/route_set.rb:384:in `recognize'
    /usr/lib/ruby/gems/1.8/gems/actionpack-2.1.1/lib/action_controller/dispatcher.rb:148:in `handle_request'
    /usr/lib/ruby/gems/1.8/gems/actionpack-2.1.1/lib/action_controller/dispatcher.rb:107:in `dispatch'
    /usr/lib/ruby/1.8/thread.rb:135:in `synchronize'
    /usr/lib/ruby/gems/1.8/gems/actionpack-2.1.1/lib/action_controller/dispatcher.rb:104:in `dispatch'
    /usr/lib/ruby/gems/1.8/gems/actionpack-2.1.1/lib/action_controller/dispatcher.rb:120:in `dispatch_cgi'
    /usr/lib/ruby/gems/1.8/gems/actionpack-2.1.1/lib/action_controller/dispatcher.rb:35:in `dispatch'
    dispatch.rb:10

Rendering /usr/lib/ruby/gems/1.8/gems/actionpack-2.1.1/lib/action_controller/templates/rescues/layout.erb (not_found)


Processing ActionController::Base#index (for  at 2009-06-17 08:21:21) [GET]
  Session ID: ebaf1d6e0d14e17759eb94d46bb937d9
  Parameters: {}


ActionController::RoutingError (No route matches "" with {:method=>:get}):
    /usr/lib/ruby/gems/1.8/gems/actionpack-2.1.1/lib/action_controller/routing/recognition_optimisation.rb:67:in `recognize_path'
    /usr/lib/ruby/gems/1.8/gems/actionpack-2.1.1/lib/action_controller/routing/route_set.rb:384:in `recognize'
    /usr/lib/ruby/gems/1.8/gems/actionpack-2.1.1/lib/action_controller/dispatcher.rb:148:in `handle_request'
    /usr/lib/ruby/gems/1.8/gems/actionpack-2.1.1/lib/action_controller/dispatcher.rb:107:in `dispatch'
    /usr/lib/ruby/1.8/thread.rb:135:in `synchronize'
    /usr/lib/ruby/gems/1.8/gems/actionpack-2.1.1/lib/action_controller/dispatcher.rb:104:in `dispatch'
    /usr/lib/ruby/gems/1.8/gems/actionpack-2.1.1/lib/action_controller/dispatcher.rb:120:in `dispatch_cgi'
    /usr/lib/ruby/gems/1.8/gems/actionpack-2.1.1/lib/action_controller/dispatcher.rb:35:in `dispatch'
    dispatch.rb:10

Rendering /usr/lib/ruby/gems/1.8/gems/actionpack-2.1.1/lib/action_controller/templates/rescues/layout.erb (not_found)


Processing ActionController::Base#index (for  at 2009-06-17 08:25:52) [GET]
  Session ID: 506f335600e392e10b7e74c73f220d75
  Parameters: {}


ActionController::RoutingError (No route matches "" with {:method=>:get}):
    /usr/lib/ruby/gems/1.8/gems/actionpack-2.1.1/lib/action_controller/routing/recognition_optimisation.rb:67:in `recognize_path'
    /usr/lib/ruby/gems/1.8/gems/actionpack-2.1.1/lib/action_controller/routing/route_set.rb:384:in `recognize'
    /usr/lib/ruby/gems/1.8/gems/actionpack-2.1.1/lib/action_controller/dispatcher.rb:148:in `handle_request'
    /usr/lib/ruby/gems/1.8/gems/actionpack-2.1.1/lib/action_controller/dispatcher.rb:107:in `dispatch'
    /usr/lib/ruby/1.8/thread.rb:135:in `synchronize'
    /usr/lib/ruby/gems/1.8/gems/actionpack-2.1.1/lib/action_controller/dispatcher.rb:104:in `dispatch'
    /usr/lib/ruby/gems/1.8/gems/actionpack-2.1.1/lib/action_controller/dispatcher.rb:120:in `dispatch_cgi'
    /usr/lib/ruby/gems/1.8/gems/actionpack-2.1.1/lib/action_controller/dispatcher.rb:35:in `dispatch'
    dispatch.rb:10

Rendering /usr/lib/ruby/gems/1.8/gems/actionpack-2.1.1/lib/action_controller/templates/rescues/layout.erb (not_found)


Processing ActionController::Base#index (for 220.101.138.110 at 2009-06-17 08:26:11) [GET]
  Session ID: 3f5a9ad94269a79477765c54e570e372
  Parameters: {}


ActionController::RoutingError (No route matches "/" with {:method=>:get}):
    /usr/lib/ruby/gems/1.8/gems/actionpack-2.1.1/lib/action_controller/routing/recognition_optimisation.rb:67:in `recognize_path'
    /usr/lib/ruby/gems/1.8/gems/actionpack-2.1.1/lib/action_controller/routing/route_set.rb:384:in `recognize'
    /usr/lib/ruby/gems/1.8/gems/actionpack-2.1.1/lib/action_controller/dispatcher.rb:148:in `handle_request'
    /usr/lib/ruby/gems/1.8/gems/actionpack-2.1.1/lib/action_controller/dispatcher.rb:107:in `dispatch'
    /usr/lib/ruby/1.8/thread.rb:135:in `synchronize'
    /usr/lib/ruby/gems/1.8/gems/actionpack-2.1.1/lib/action_controller/dispatcher.rb:104:in `dispatch'
    /usr/lib/ruby/gems/1.8/gems/actionpack-2.1.1/lib/action_controller/dispatcher.rb:120:in `dispatch_cgi'
    /usr/lib/ruby/gems/1.8/gems/actionpack-2.1.1/lib/action_controller/dispatcher.rb:35:in `dispatch'
    /usr/lib/ruby/gems/1.8/gems/rails-2.1.1/lib/fcgi_handler.rb:103:in `process_request'
    /usr/lib/ruby/gems/1.8/gems/rails-2.1.1/lib/fcgi_handler.rb:153:in `with_signal_handler'
    /usr/lib/ruby/gems/1.8/gems/rails-2.1.1/lib/fcgi_handler.rb:101:in `process_request'
    /usr/lib/ruby/gems/1.8/gems/rails-2.1.1/lib/fcgi_handler.rb:78:in `process_each_request'
    /usr/lib/ruby/gems/1.8/gems/fcgi-0.8.7/lib/fcgi.rb:612:in `each_cgi'
    /usr/lib/ruby/gems/1.8/gems/fcgi-0.8.7/lib/fcgi.rb:117:in `session'
    /usr/lib/ruby/gems/1.8/gems/fcgi-0.8.7/lib/fcgi.rb:104:in `each_request'
    /usr/lib/ruby/gems/1.8/gems/fcgi-0.8.7/lib/fcgi.rb:36:in `each'
    /usr/lib/ruby/gems/1.8/gems/fcgi-0.8.7/lib/fcgi.rb:609:in `each_cgi'
    /usr/lib/ruby/gems/1.8/gems/rails-2.1.1/lib/fcgi_handler.rb:77:in `process_each_request'
    /usr/lib/ruby/gems/1.8/gems/rails-2.1.1/lib/fcgi_handler.rb:76:in `catch'
    /usr/lib/ruby/gems/1.8/gems/rails-2.1.1/lib/fcgi_handler.rb:76:in `process_each_request'
    /usr/lib/ruby/gems/1.8/gems/rails-2.1.1/lib/fcgi_handler.rb:50:in `process!'
    /usr/lib/ruby/gems/1.8/gems/rails-2.1.1/lib/fcgi_handler.rb:24:in `process!'
    dispatch.fcgi:24

Rendering /usr/lib/ruby/gems/1.8/gems/actionpack-2.1.1/lib/action_controller/templates/rescues/layout.erb (not_found)


Processing ActionController::Base#index (for 203.206.178.225 at 2009-06-18 01:23:57) [GET]
  Session ID: BAh7BiIKZmxhc2hJQzonQWN0aW9uQ29udHJvbGxlcjo6Rmxhc2g6OkZsYXNo
SGFzaHsABjoKQHVzZWR7AA==--4d67c9d6a98cdd0651bb0fbb1367fb72c9878b85
  Parameters: {}


ActionController::RoutingError (No route matches "/" with {:method=>:get}):
    /usr/lib/ruby/gems/1.8/gems/actionpack-2.1.1/lib/action_controller/routing/recognition_optimisation.rb:67:in `recognize_path'
    /usr/lib/ruby/gems/1.8/gems/actionpack-2.1.1/lib/action_controller/routing/route_set.rb:384:in `recognize'
    /usr/lib/ruby/gems/1.8/gems/actionpack-2.1.1/lib/action_controller/dispatcher.rb:148:in `handle_request'
    /usr/lib/ruby/gems/1.8/gems/actionpack-2.1.1/lib/action_controller/dispatcher.rb:107:in `dispatch'
    /usr/lib/ruby/1.8/thread.rb:135:in `synchronize'
    /usr/lib/ruby/gems/1.8/gems/actionpack-2.1.1/lib/action_controller/dispatcher.rb:104:in `dispatch'
    /usr/lib/ruby/gems/1.8/gems/actionpack-2.1.1/lib/action_controller/dispatcher.rb:120:in `dispatch_cgi'
    /usr/lib/ruby/gems/1.8/gems/actionpack-2.1.1/lib/action_controller/dispatcher.rb:35:in `dispatch'
    /usr/lib/ruby/gems/1.8/gems/rails-2.1.1/lib/fcgi_handler.rb:103:in `process_request'
    /usr/lib/ruby/gems/1.8/gems/rails-2.1.1/lib/fcgi_handler.rb:153:in `with_signal_handler'
    /usr/lib/ruby/gems/1.8/gems/rails-2.1.1/lib/fcgi_handler.rb:101:in `process_request'
    /usr/lib/ruby/gems/1.8/gems/rails-2.1.1/lib/fcgi_handler.rb:78:in `process_each_request'
    /usr/lib/ruby/gems/1.8/gems/fcgi-0.8.7/lib/fcgi.rb:612:in `each_cgi'
    /usr/lib/ruby/gems/1.8/gems/fcgi-0.8.7/lib/fcgi.rb:117:in `session'
    /usr/lib/ruby/gems/1.8/gems/fcgi-0.8.7/lib/fcgi.rb:104:in `each_request'
    /usr/lib/ruby/gems/1.8/gems/fcgi-0.8.7/lib/fcgi.rb:36:in `each'
    /usr/lib/ruby/gems/1.8/gems/fcgi-0.8.7/lib/fcgi.rb:609:in `each_cgi'
    /usr/lib/ruby/gems/1.8/gems/rails-2.1.1/lib/fcgi_handler.rb:77:in `process_each_request'
    /usr/lib/ruby/gems/1.8/gems/rails-2.1.1/lib/fcgi_handler.rb:76:in `catch'
    /usr/lib/ruby/gems/1.8/gems/rails-2.1.1/lib/fcgi_handler.rb:76:in `process_each_request'
    /usr/lib/ruby/gems/1.8/gems/rails-2.1.1/lib/fcgi_handler.rb:50:in `process!'
    /usr/lib/ruby/gems/1.8/gems/rails-2.1.1/lib/fcgi_handler.rb:24:in `process!'
    dispatch.fcgi:24

Rendering /usr/lib/ruby/gems/1.8/gems/actionpack-2.1.1/lib/action_controller/templates/rescues/layout.erb (not_found)


Processing ActionController::Base#index (for 220.101.138.110 at 2009-06-18 06:04:55) [GET]
  Session ID: BAh7BiIKZmxhc2hJQzonQWN0aW9uQ29udHJvbGxlcjo6Rmxhc2g6OkZsYXNo
SGFzaHsABjoKQHVzZWR7AA==--4d67c9d6a98cdd0651bb0fbb1367fb72c9878b85
  Parameters: {}


ActionController::RoutingError (No route matches "/" with {:method=>:get}):
    /usr/lib/ruby/gems/1.8/gems/actionpack-2.1.1/lib/action_controller/routing/recognition_optimisation.rb:67:in `recognize_path'
    /usr/lib/ruby/gems/1.8/gems/actionpack-2.1.1/lib/action_controller/routing/route_set.rb:384:in `recognize'
    /usr/lib/ruby/gems/1.8/gems/actionpack-2.1.1/lib/action_controller/dispatcher.rb:148:in `handle_request'
    /usr/lib/ruby/gems/1.8/gems/actionpack-2.1.1/lib/action_controller/dispatcher.rb:107:in `dispatch'
    /usr/lib/ruby/1.8/thread.rb:135:in `synchronize'
    /usr/lib/ruby/gems/1.8/gems/actionpack-2.1.1/lib/action_controller/dispatcher.rb:104:in `dispatch'
    /usr/lib/ruby/gems/1.8/gems/actionpack-2.1.1/lib/action_controller/dispatcher.rb:120:in `dispatch_cgi'
    /usr/lib/ruby/gems/1.8/gems/actionpack-2.1.1/lib/action_controller/dispatcher.rb:35:in `dispatch'
    /usr/lib/ruby/gems/1.8/gems/rails-2.1.1/lib/fcgi_handler.rb:103:in `process_request'
    /usr/lib/ruby/gems/1.8/gems/rails-2.1.1/lib/fcgi_handler.rb:153:in `with_signal_handler'
    /usr/lib/ruby/gems/1.8/gems/rails-2.1.1/lib/fcgi_handler.rb:101:in `process_request'
    /usr/lib/ruby/gems/1.8/gems/rails-2.1.1/lib/fcgi_handler.rb:78:in `process_each_request'
    /usr/lib/ruby/gems/1.8/gems/fcgi-0.8.7/lib/fcgi.rb:612:in `each_cgi'
    /usr/lib/ruby/gems/1.8/gems/fcgi-0.8.7/lib/fcgi.rb:117:in `session'
    /usr/lib/ruby/gems/1.8/gems/fcgi-0.8.7/lib/fcgi.rb:104:in `each_request'
    /usr/lib/ruby/gems/1.8/gems/fcgi-0.8.7/lib/fcgi.rb:36:in `each'
    /usr/lib/ruby/gems/1.8/gems/fcgi-0.8.7/lib/fcgi.rb:609:in `each_cgi'
    /usr/lib/ruby/gems/1.8/gems/rails-2.1.1/lib/fcgi_handler.rb:77:in `process_each_request'
    /usr/lib/ruby/gems/1.8/gems/rails-2.1.1/lib/fcgi_handler.rb:76:in `catch'
    /usr/lib/ruby/gems/1.8/gems/rails-2.1.1/lib/fcgi_handler.rb:76:in `process_each_request'
    /usr/lib/ruby/gems/1.8/gems/rails-2.1.1/lib/fcgi_handler.rb:50:in `process!'
    /usr/lib/ruby/gems/1.8/gems/rails-2.1.1/lib/fcgi_handler.rb:24:in `process!'
    dispatch.fcgi:24

Rendering /usr/lib/ruby/gems/1.8/gems/actionpack-2.1.1/lib/action_controller/templates/rescues/layout.erb (not_found)


Processing ActionController::Base#index (for 220.101.138.110 at 2009-06-18 06:06:49) [GET]
  Session ID: BAh7BiIKZmxhc2hJQzonQWN0aW9uQ29udHJvbGxlcjo6Rmxhc2g6OkZsYXNo
SGFzaHsABjoKQHVzZWR7AA==--4d67c9d6a98cdd0651bb0fbb1367fb72c9878b85
  Parameters: {}


ActionController::RoutingError (No route matches "/" with {:method=>:get}):
    /usr/lib/ruby/gems/1.8/gems/actionpack-2.1.1/lib/action_controller/routing/recognition_optimisation.rb:67:in `recognize_path'
    /usr/lib/ruby/gems/1.8/gems/actionpack-2.1.1/lib/action_controller/routing/route_set.rb:384:in `recognize'
    /usr/lib/ruby/gems/1.8/gems/actionpack-2.1.1/lib/action_controller/dispatcher.rb:148:in `handle_request'
    /usr/lib/ruby/gems/1.8/gems/actionpack-2.1.1/lib/action_controller/dispatcher.rb:107:in `dispatch'
    /usr/lib/ruby/1.8/thread.rb:135:in `synchronize'
    /usr/lib/ruby/gems/1.8/gems/actionpack-2.1.1/lib/action_controller/dispatcher.rb:104:in `dispatch'
    /usr/lib/ruby/gems/1.8/gems/actionpack-2.1.1/lib/action_controller/dispatcher.rb:120:in `dispatch_cgi'
    /usr/lib/ruby/gems/1.8/gems/actionpack-2.1.1/lib/action_controller/dispatcher.rb:35:in `dispatch'
    /usr/lib/ruby/gems/1.8/gems/rails-2.1.1/lib/fcgi_handler.rb:103:in `process_request'
    /usr/lib/ruby/gems/1.8/gems/rails-2.1.1/lib/fcgi_handler.rb:153:in `with_signal_handler'
    /usr/lib/ruby/gems/1.8/gems/rails-2.1.1/lib/fcgi_handler.rb:101:in `process_request'
    /usr/lib/ruby/gems/1.8/gems/rails-2.1.1/lib/fcgi_handler.rb:78:in `process_each_request'
    /usr/lib/ruby/gems/1.8/gems/fcgi-0.8.7/lib/fcgi.rb:612:in `each_cgi'
    /usr/lib/ruby/gems/1.8/gems/fcgi-0.8.7/lib/fcgi.rb:117:in `session'
    /usr/lib/ruby/gems/1.8/gems/fcgi-0.8.7/lib/fcgi.rb:104:in `each_request'
    /usr/lib/ruby/gems/1.8/gems/fcgi-0.8.7/lib/fcgi.rb:36:in `each'
    /usr/lib/ruby/gems/1.8/gems/fcgi-0.8.7/lib/fcgi.rb:609:in `each_cgi'
    /usr/lib/ruby/gems/1.8/gems/rails-2.1.1/lib/fcgi_handler.rb:77:in `process_each_request'
    /usr/lib/ruby/gems/1.8/gems/rails-2.1.1/lib/fcgi_handler.rb:76:in `catch'
    /usr/lib/ruby/gems/1.8/gems/rails-2.1.1/lib/fcgi_handler.rb:76:in `process_each_request'
    /usr/lib/ruby/gems/1.8/gems/rails-2.1.1/lib/fcgi_handler.rb:50:in `process!'
    /usr/lib/ruby/gems/1.8/gems/rails-2.1.1/lib/fcgi_handler.rb:24:in `process!'
    dispatch.fcgi:24

Rendering /usr/lib/ruby/gems/1.8/gems/actionpack-2.1.1/lib/action_controller/templates/rescues/layout.erb (not_found)
